\BOOKMARK [0][-]{chapter*.1}{Table des mati\350res}{}% 1
\BOOKMARK [0][-]{chapter.1}{Introduction}{}% 2
\BOOKMARK [0][-]{chapter.1}{Introduction}{}% 3
\BOOKMARK [0][-]{chapter.2}{Revue de la litt\351rature}{}% 4
\BOOKMARK [1][-]{section.2.1}{Ing\351nierie de lignes de produits}{chapter.2}% 5
\BOOKMARK [2][-]{subsection.2.1.1}{Ing\351nierie de domaine}{section.2.1}% 6
\BOOKMARK [2][-]{subsection.2.1.2}{Ing\351nierie de l\220application}{section.2.1}% 7
\BOOKMARK [2][-]{subsection.2.1.3}{Introduction \340 la variabilit\351}{section.2.1}% 8
\BOOKMARK [2][-]{subsection.2.1.4}{Mod\351lisation de la variabilit\351}{section.2.1}% 9
\BOOKMARK [1][-]{section.2.2}{Les plateformes de Lignes de produits}{chapter.2}% 10
\BOOKMARK [2][-]{subsection.2.2.1}{FAMA}{section.2.2}% 11
\BOOKMARK [2][-]{subsection.2.2.2}{PURE::VARIANTS}{section.2.2}% 12
\BOOKMARK [2][-]{subsection.2.2.3}{FeatureIDE}{section.2.2}% 13
\BOOKMARK [2][-]{subsection.2.2.4}{SPLOT}{section.2.2}% 14
\BOOKMARK [2][-]{subsection.2.2.5}{Points de comparaison entre ces outils}{section.2.2}% 15
\BOOKMARK [0][-]{chapter.3}{M\351thode Formelle de description des architectures logiciel}{}% 16
\BOOKMARK [1][-]{section.3.1}{Description du langage Z}{chapter.3}% 17
\BOOKMARK [2][-]{subsection.3.1.1}{Sch\351ma de Z}{section.3.1}% 18
\BOOKMARK [1][-]{section.3.2}{Formalisation d'une architecture de composants}{chapter.3}% 19
\BOOKMARK [2][-]{subsection.3.2.1}{Les composants}{section.3.2}% 20
\BOOKMARK [2][-]{subsection.3.2.2}{Les connecteurs}{section.3.2}% 21
\BOOKMARK [2][-]{subsection.3.2.3}{Les configurations}{section.3.2}% 22
\BOOKMARK [0][-]{chapter.4}{Description formelle de l'\351diteur de composants m\351tiers caract\351ristiques}{}% 23
\BOOKMARK [1][-]{subsection.4.0.1}{Pr\351sentation de l'\351diteur}{chapter.4}% 24
\BOOKMARK [2][-]{subsection.4.0.2}{Description formelle}{subsection.4.0.1}% 25
\BOOKMARK [0][-]{chapter*.7}{Conclusion}{}% 26
\BOOKMARK [0][-]{appendix*.8}{Remerciements}{}% 27
\BOOKMARK [0][-]{appendix*.8}{Glossaire}{}% 28
\BOOKMARK [0][-]{appendix*.8}{Liste des abr\351viations, des sigles et des symboles}{}% 29
\BOOKMARK [0][-]{appendix*.8}{Bibliographie}{}% 30
\BOOKMARK [0][-]{appendix*.9}{Table des figures}{}% 31
\BOOKMARK [0][-]{appendix*.10}{Liste des tableaux}{}% 32
