This is pdfTeX, Version 3.14159265-2.6-1.40.16 (MiKTeX 2.9) (preloaded format=pdflatex 2018.5.14)  6 JAN 2019 21:42
entering extended mode
**page_de_titre.tex
(page_de_titre.tex
LaTeX2e <2015/01/01> patch level 2
Babel <3.9m> and hyphenation patterns for 69 languages loaded.

! LaTeX Error: Environment titlepage undefined.

See the LaTeX manual or LaTeX Companion for explanation.
Type  H <return>  for immediate help.
 ...                                              
                                                  
l.1 \begin{titlepage}
                     
Your command was ignored.
Type  I <command> <return>  to replace it with another command,
or  <return>  to continue without it.


! LaTeX Error: Missing \begin{document}.

See the LaTeX manual or LaTeX Companion for explanation.
Type  H <return>  for immediate help.
 ...                                              
                                                  
l.3 u
     niversit√© de yaound√© l \hspace*{ \stretch{1}} facult√© des sciences%
You're in trouble here.  Try typing  <return>  to proceed.
If that doesn't work, type  X <return>  to quit.

Missing character: There is no u in font nullfont!
Missing character: There is no n in font nullfont!
Missing character: There is no i in font nullfont!
Missing character: There is no v in font nullfont!
Missing character: There is no e in font nullfont!
Missing character: There is no r in font nullfont!
Missing character: There is no s in font nullfont!
Missing character: There is no i in font nullfont!
Missing character: There is no t in font nullfont!
Missing character: There is no √ in font nullfont!
Missing character: There is no © in font nullfont!
Missing character: There is no d in font nullfont!
Missing character: There is no e in font nullfont!
Missing character: There is no y in font nullfont!
Missing character: There is no a in font nullfont!
Missing character: There is no o in font nullfont!
Missing character: There is no u in font nullfont!
Missing character: There is no n in font nullfont!
Missing character: There is no d in font nullfont!
Missing character: There is no √ in font nullfont!
Missing character: There is no © in font nullfont!
Missing character: There is no l in font nullfont!
Missing character: There is no f in font nullfont!
Missing character: There is no a in font nullfont!
Missing character: There is no c in font nullfont!
Missing character: There is no u in font nullfont!
Missing character: There is no l in font nullfont!
Missing character: There is no t in font nullfont!
Missing character: There is no √ in font nullfont!
Missing character: There is no © in font nullfont!
Missing character: There is no d in font nullfont!
Missing character: There is no e in font nullfont!
Missing character: There is no s in font nullfont!
Missing character: There is no s in font nullfont!
Missing character: There is no c in font nullfont!
Missing character: There is no i in font nullfont!
Missing character: There is no e in font nullfont!
Missing character: There is no n in font nullfont!
Missing character: There is no c in font nullfont!
Missing character: There is no e in font nullfont!
Missing character: There is no s in font nullfont!
Missing character: There is no D in font nullfont!
Missing character: There is no √ in font nullfont!
Missing character: There is no © in font nullfont!
Missing character: There is no p in font nullfont!
Missing character: There is no a in font nullfont!
Missing character: There is no r in font nullfont!
Missing character: There is no t in font nullfont!
Missing character: There is no e in font nullfont!
Missing character: There is no m in font nullfont!
Missing character: There is no e in font nullfont!
Missing character: There is no n in font nullfont!
Missing character: There is no t in font nullfont!
Missing character: There is no d in font nullfont!
Missing character: There is no ' in font nullfont!
Missing character: There is no i in font nullfont!
Missing character: There is no n in font nullfont!
Missing character: There is no f in font nullfont!
Missing character: There is no o in font nullfont!
Missing character: There is no r in font nullfont!
Missing character: There is no m in font nullfont!
Missing character: There is no a in font nullfont!
Missing character: There is no t in font nullfont!
Missing character: There is no i in font nullfont!
Missing character: There is no q in font nullfont!
Missing character: There is no u in font nullfont!
Missing character: There is no e in font nullfont!
! Undefined control sequence.
l.6 \begin{center} \bfseries\Huge
                                 
The control sequence at the end of the top line
of your error message was never \def'ed. If you have
misspelled it (e.g., `\hobx'), type `I' and the correct
spelling (e.g., `I\hbox'). Otherwise just continue,
and I'll forget about whatever was undefined.

Missing character: There is no √ in font cmbx10!
Missing character: There is no © in font cmbx10!
Missing character: There is no √ in font cmbx10!
Missing character: There is no © in font cmbx10!
Missing character: There is no √ in font cmbx10!
Missing character: There is no © in font cmbx10!

Overfull \hbox (39.4512pt too wide) in paragraph at lines 7--8
 \OT1/cmr/bx/n/10 Mmoire 
 []


Overfull \hbox (31.47345pt too wide) in paragraph at lines 7--8
 \OT1/cmr/bx/n/10 prsent 
 []


Overfull \hbox (11.65967pt too wide) in paragraph at lines 7--8
 \OT1/cmr/bx/n/10 en 
 []


Overfull \hbox (17.72908pt too wide) in paragraph at lines 7--8
 \OT1/cmr/bx/n/10 vue 
 []


Overfull \hbox (11.65967pt too wide) in paragraph at lines 7--8
 \OT1/cmr/bx/n/10 de 
 []


Overfull \hbox (54.14555pt too wide) in paragraph at lines 7--8
 \OT1/cmr/bx/n/10 l'obtention 
 []


Overfull \hbox (12.77771pt too wide) in paragraph at lines 7--8
 \OT1/cmr/bx/n/10 du 
 []


Overfull \hbox (39.77063pt too wide) in paragraph at lines 7--8
 \OT1/cmr/bx/n/10 diplome 
 []


Overfull \hbox (11.65967pt too wide) in paragraph at lines 7--8
 \OT1/cmr/bx/n/10 de 
 []


Overfull \hbox (29.83318pt too wide) in paragraph at lines 7--8
 \OT1/cmr/bx/n/10 MAS- 
 []


Overfull \hbox (24.18042pt too wide) in paragraph at lines 7--8
 \OT1/cmr/bx/n/10 TER 
 []


Overfull \hbox (9.04161pt too wide) in paragraph at lines 7--8
 \OT1/cmr/bx/n/10 II 
 []


Overfull \hbox (11.65967pt too wide) in paragraph at lines 7--8
 \OT1/cmr/bx/n/10 en 
 []


Overfull \hbox (13.4166pt too wide) in paragraph at lines 7--8
 \OT1/cmr/bx/n/10 in- 
 []


Overfull \hbox (17.83325pt too wide) in paragraph at lines 7--8
 \OT1/cmr/bx/n/10 for- 
 []


Overfull \hbox (19.00682pt too wide) in paragraph at lines 7--8
 \OT1/cmr/bx/n/10 ma- 
 []


Overfull \hbox (25.3957pt too wide) in paragraph at lines 7--8
 \OT1/cmr/bx/n/10 tique 
 []

! Undefined control sequence.
l.11 \begin{center} \bfseries\Large
                                   
The control sequence at the end of the top line
of your error message was never \def'ed. If you have
misspelled it (e.g., `\hobx'), type `I' and the correct
spelling (e.g., `I\hbox'). Otherwise just continue,
and I'll forget about whatever was undefined.

Missing character: There is no √ in font cmbx10!
Missing character: There is no © in font cmbx10!
Missing character: There is no √ in font cmbx10!
Missing character: There is no © in font cmbx10!
Missing character: There is no √ in font cmbx10!
Missing character: There is no © in font cmbx10!
Missing character: There is no √ in font cmbx10!
Missing character: There is no © in font cmbx10!

Overfull \hbox (57.97884pt too wide) in paragraph at lines 12--13
 \OT1/cmr/bx/n/10 Spcification 
 []


Overfull \hbox (40.5137pt too wide) in paragraph at lines 12--13
 \OT1/cmr/bx/n/10 formelle 
 []


Overfull \hbox (11.65967pt too wide) in paragraph at lines 12--13
 \OT1/cmr/bx/n/10 de 
 []


Overfull \hbox (66.81216pt too wide) in paragraph at lines 12--13
 \OT1/cmr/bx/n/10 l'architecture 
 []


Overfull \hbox (22.361pt too wide) in paragraph at lines 12--13
 \OT1/cmr/bx/n/10 d'un 
 []


Overfull \hbox (13.4166pt too wide) in paragraph at lines 12--13
 \OT1/cmr/bx/n/10 di- 
 []


Overfull \hbox (20.86797pt too wide) in paragraph at lines 12--13
 \OT1/cmr/bx/n/10 teur 
 []


Overfull \hbox (11.65967pt too wide) in paragraph at lines 12--13
 \OT1/cmr/bx/n/10 de 
 []


Overfull \hbox (24.27765pt too wide) in paragraph at lines 12--13
 \OT1/cmr/bx/n/10 com- 
 []


Overfull \hbox (37.66225pt too wide) in paragraph at lines 12--13
 \OT1/cmr/bx/n/10 posants 
 []


Overfull \hbox (27.25682pt too wide) in paragraph at lines 12--13
 \OT1/cmr/bx/n/10 mtier 
 []


Overfull \hbox (19.27072pt too wide) in paragraph at lines 12--13
 \OT1/cmr/bx/n/10 car- 
 []


Overfull \hbox (14.53462pt too wide) in paragraph at lines 12--13
 \OT1/cmr/bx/n/10 ac- 
 []


Overfull \hbox (20.77211pt too wide) in paragraph at lines 12--13
 \OT1/cmr/bx/n/10 tris- 
 []


Overfull \hbox (29.93178pt too wide) in paragraph at lines 12--13
 \OT1/cmr/bx/n/10 tiques 
 []

! Undefined control sequence.
l.14 \begin{center} \bfseries\Large
                                   
The control sequence at the end of the top line
of your error message was never \def'ed. If you have
misspelled it (e.g., `\hobx'), type `I' and the correct
spelling (e.g., `I\hbox'). Otherwise just continue,
and I'll forget about whatever was undefined.


Overfull \hbox (34.35399pt too wide) in paragraph at lines 15--16
 \OT1/cmr/bx/n/10 Tedjou 
 []


Overfull \hbox (29.77205pt too wide) in paragraph at lines 15--16
 \OT1/cmr/bx/n/10 jospin 
 []


Overfull \hbox (18.68741pt too wide) in paragraph at lines 15--16
 \OT1/cmr/bx/n/10 del- 
 []


Overfull \hbox (19.70958pt too wide) in paragraph at lines 15--16
 \OT1/cmr/bx/n/10 mas 
 []

! Undefined control sequence.
l.17 \begin{center} \bfseries\Large
                                   
The control sequence at the end of the top line
of your error message was never \def'ed. If you have
misspelled it (e.g., `\hobx'), type `I' and the correct
spelling (e.g., `I\hbox'). Otherwise just continue,
and I'll forget about whatever was undefined.


Overfull \hbox (23.06375pt too wide) in paragraph at lines 18--19
 \OT1/cmr/bx/n/10 Sous 
 []


Overfull \hbox (8.78465pt too wide) in paragraph at lines 18--19
 \OT1/cmr/bx/n/10 la 
 []


Overfull \hbox (13.4166pt too wide) in paragraph at lines 18--19
 \OT1/cmr/bx/n/10 di- 
 []


Overfull \hbox (18.95131pt too wide) in paragraph at lines 18--19
 \OT1/cmr/bx/n/10 rec- 
 []


Overfull \hbox (19.80545pt too wide) in paragraph at lines 18--19
 \OT1/cmr/bx/n/10 tion 
 []


Overfull \hbox (11.65967pt too wide) in paragraph at lines 18--19
 \OT1/cmr/bx/n/10 de 
 []


Overfull \hbox (16.74992pt too wide) in paragraph at lines 18--19
 \OT1/cmr/bx/n/10 Dr. 
 []


Overfull \hbox (48.3053pt too wide) in paragraph at lines 18--19
 \OT1/cmr/bx/n/10 Amougou 
 []


Overfull \hbox (48.61086pt too wide) in paragraph at lines 18--19
 \OT1/cmr/bx/n/10 Ngoumou 
 []

Missing character: There is no L in font nullfont!
Missing character: There is no e in font nullfont!
! Undefined control sequence.
l.22  Le \today
               
The control sequence at the end of the top line
of your error message was never \def'ed. If you have
misspelled it (e.g., `\hobx'), type `I' and the correct
spelling (e.g., `I\hbox'). Otherwise just continue,
and I'll forget about whatever was undefined.


! LaTeX Error: \begin{document} ended by \end{titlepage}.

See the LaTeX manual or LaTeX Companion for explanation.
Type  H <return>  for immediate help.
 ...                                              
                                                  
l.24 \end{titlepage}
                    
Your command was ignored.
Type  I <command> <return>  to replace it with another command,
or  <return>  to continue without it.

)
! Emergency stop.
<*> page_de_titre.tex
                     
*** (job aborted, no legal \end found)

 
Here is how much of TeX's memory you used:
 11 strings out of 493673
 163 string characters out of 3141533
 54455 words of memory out of 3000000
 3458 multiletter control sequences out of 15000+200000
 3948 words of font info for 15 fonts, out of 3000000 for 9000
 1025 hyphenation exceptions out of 8191
 12i,1n,9p,117b,112s stack positions out of 5000i,500n,10000p,200000b,50000s
!  ==> Fatal error occurred, no output PDF file produced!
